<?xml version="1.0" encoding="UTF-8"?>
<!-- Generated by org.testng.reporters.JUnitReportReporter -->
<testsuite skipped="0" hostname="M710Q-VozStore-1142" name="firstPackage.SecondClass" tests="1" failures="0" timestamp="2022-06-10T17:05:49 ICT" time="186.336" errors="0">
  <testcase name="testEasy" time="186.336" classname="firstPackage.SecondClass"/>
  <system-out/>
</testsuite> <!-- firstPackage.SecondClass -->
