<?xml version="1.0" encoding="UTF-8"?>
<!-- Generated by org.testng.reporters.JUnitReportReporter -->
<testsuite skipped="0" hostname="M710Q-VozStore-1142" name="firstPackage.FirstClass" tests="2" failures="0" timestamp="2022-06-10T17:05:49 ICT" time="0.005" errors="0">
  <testcase name="secondTest" time="0.001" classname="firstPackage.FirstClass"/>
  <system-out/>
  <testcase name="firstTest" time="0.004" classname="firstPackage.FirstClass"/>
  <system-out/>
</testsuite> <!-- firstPackage.FirstClass -->
